#
# There is insufficient memory for the Java Runtime Environment to continue.
# Native memory allocation (mmap) failed to map 47185920 bytes for G1 virtual space
# Possible reasons:
#   The system is out of physical RAM or swap space
#   The process is running with CompressedOops enabled, and the Java Heap may be blocking the growth of the native heap
# Possible solutions:
#   Reduce memory load on the system
#   Increase physical memory or swap space
#   Check if swap backing store is full
#   Decrease Java heap size (-Xmx/-Xms)
#   Decrease number of Java threads
#   Decrease Java thread stack sizes (-Xss)
#   Set larger code cache with -XX:ReservedCodeCacheSize=
#   JVM is running with Unscaled Compressed Oops mode in which the Java heap is
#     placed in the first 4GB address space. The Java Heap base address is the
#     maximum limit for the native heap growth. Please use -XX:HeapBaseMinAddress
#     to set the Java Heap base and to place the Java Heap above 4GB virtual address.
# This output file may be truncated or incomplete.
#
#  Out of Memory Error (os_windows.cpp:3769), pid=9860, tid=2836
#
# JRE version: OpenJDK Runtime Environment (17.0.6) (build 17.0.6+0-b2043.56-10027231)
# Java VM: OpenJDK 64-Bit Server VM (17.0.6+0-b2043.56-10027231, mixed mode, tiered, compressed oops, compressed class ptrs, g1 gc, windows-amd64)
# No core dump will be written. Minidumps are not enabled by default on client versions of Windows
#

---------------  S U M M A R Y ------------

Command Line: --add-opens=java.base/java.util.concurrent.atomic=ALL-UNNAMED --add-opens=java.base/java.util=ALL-UNNAMED --add-opens=java.base/java.lang=ALL-UNNAMED --add-opens=java.base/java.lang.invoke=ALL-UNNAMED --add-opens=java.prefs/java.util.prefs=ALL-UNNAMED --add-opens=java.base/java.nio.charset=ALL-UNNAMED --add-opens=java.base/java.net=ALL-UNNAMED --add-opens=java.base/java.util.concurrent.atomic=ALL-UNNAMED -Xmx2048m -Dfile.encoding=UTF-8 -Duser.country=RU -Duser.language=ru -Duser.variant org.gradle.launcher.daemon.bootstrap.GradleDaemon 8.0

Host: Intel(R) Core(TM) i5-10210U CPU @ 1.60GHz, 8 cores, 7G,  Windows 10 , 64 bit Build 19041 (10.0.19041.3636)
Time: Sun Apr 14 19:10:19 2024  Windows 10 , 64 bit Build 19041 (10.0.19041.3636) elapsed time: 6.974445 seconds (0d 0h 0m 6s)

---------------  T H R E A D  ---------------

Current thread (0x00000182ff9bed20):  VMThread "VM Thread" [stack: 0x00000047f5100000,0x00000047f5200000] [id=2836]

Stack: [0x00000047f5100000,0x00000047f5200000]
Native frames: (J=compiled Java code, j=interpreted, Vv=VM code, C=native code)
V  [jvm.dll+0x683c9a]
V  [jvm.dll+0x8427a4]
V  [jvm.dll+0x843f9e]
V  [jvm.dll+0x844603]
V  [jvm.dll+0x249b75]
V  [jvm.dll+0x680b69]
V  [jvm.dll+0x67505a]
V  [jvm.dll+0x309acb]
V  [jvm.dll+0x310f86]
V  [jvm.dll+0x3608ee]
V  [jvm.dll+0x360b1f]
V  [jvm.dll+0x2dfbf8]
V  [jvm.dll+0x2ddec4]
V  [jvm.dll+0x2dd4cc]
V  [jvm.dll+0x322261]
V  [jvm.dll+0x848ccb]
V  [jvm.dll+0x849a04]
V  [jvm.dll+0x849f1d]
V  [jvm.dll+0x84a2f4]
V  [jvm.dll+0x84a3c0]
V  [jvm.dll+0x7f274a]
V  [jvm.dll+0x682ad5]
C  [ucrtbase.dll+0x21bb2]
C  [KERNEL32.DLL+0x17344]
C  [ntdll.dll+0x526b1]

VM_Operation (0x00000047f6af7be0): G1TryInitiateConcMark, mode: safepoint, requested by thread 0x00000182899a8500


---------------  P R O C E S S  ---------------

Threads class SMR info:
_java_thread_list=0x000001828cffd600, length=126, elements={
0x00000182ebb976d0, 0x00000182ffa524f0, 0x00000182ffa53070, 0x00000182ffa934e0,
0x00000182ffa93da0, 0x00000182ffa94870, 0x00000182ffa95130, 0x00000182ffa89130,
0x00000182ffa8ebd0, 0x00000182ffa8c260, 0x00000182ffc036b0, 0x00000182ffc0f650,
0x00000182ffcdab50, 0x00000182ffe38770, 0x0000018288de36d0, 0x000001828952e020,
0x0000018289369560, 0x00000182897d0890, 0x0000018288e44030, 0x00000182899a8030,
0x00000182899a8500, 0x0000018287f56230, 0x0000018287f54a20, 0x0000018287f55890,
0x0000018287f54ef0, 0x0000018287f55d60, 0x0000018287f553c0, 0x000001828a634390,
0x000001828a634860, 0x000001828a634d30, 0x000001828a630ea0, 0x000001828a630030,
0x000001828a633520, 0x000001828a631370, 0x000001828a6309d0, 0x000001828a631840,
0x000001828a6339f0, 0x000001828a62f1c0, 0x000001828a62e820, 0x000001828a6326b0,
0x000001828a631d10, 0x000001828a62de80, 0x000001828a62e350, 0x000001828a6356d0,
0x000001828a62ecf0, 0x000001828ce76fe0, 0x000001828ce73af0, 0x000001828ce73150,
0x000001828ce76170, 0x000001828ce72c80, 0x000001828ce74e30, 0x000001828ce77980,
0x000001828ce71e10, 0x000001828ce70130, 0x000001828ce73fc0, 0x000001828ce74490,
0x000001828ce71940, 0x000001828ce727b0, 0x000001828ce74960, 0x000001828ce70ad0,
0x000001828ce722e0, 0x000001828ce75300, 0x000001828ce76b10, 0x000001828ce757d0,
0x000001828ce774b0, 0x000001828ce70fa0, 0x000001828ce70600, 0x000001828ce75ca0,
0x000001828ce71470, 0x0000018289d120d0, 0x0000018289d0fa50, 0x0000018289d14750,
0x0000018289d0e710, 0x0000018289d125a0, 0x0000018289d103f0, 0x0000018289d0e240,
0x0000018289d108c0, 0x0000018289d155c0, 0x0000018289d0f580, 0x0000018289d0ebe0,
0x0000018289d10d90, 0x0000018289d14c20, 0x0000018289d0f0b0, 0x0000018289d14280,
0x0000018289d150f0, 0x0000018289d12f40, 0x0000018289d11260, 0x0000018289d0ff20,
0x0000018289d13410, 0x0000018289d12a70, 0x0000018289d0dd70, 0x0000018289d11730,
0x0000018289d11c00, 0x0000018289d138e0, 0x0000018289d13db0, 0x000001828c61bf80,
0x000001828c61ac40, 0x000001828c61d790, 0x000001828c61cdf0, 0x000001828c61b110,
0x000001828c61bab0, 0x000001828c61d2c0, 0x000001828c61a2a0, 0x000001828c61c450,
0x000001828c61b5e0, 0x000001828c61a770, 0x000001828c61c920, 0x000001828c61dc60,
0x000001828d280fa0, 0x000001828d281e10, 0x000001828d27c770, 0x000001828d281470,
0x000001828d2822e0, 0x000001828d280ad0, 0x000001828d2827b0, 0x000001828d27d5e0,
0x000001828d283150, 0x000001828d27f790, 0x000001828d27e450, 0x000001828d27c2a0,
0x000001828d280600, 0x000001828d27fc60, 0x000001828d282c80, 0x000001828d27e920,
0x000001828d280130, 0x000001828d27f2c0
}

Java Threads: ( => current thread )
  0x00000182ebb976d0 JavaThread "main" [_thread_blocked, id=8616, stack(0x00000047f4b00000,0x00000047f4c00000)]
  0x00000182ffa524f0 JavaThread "Reference Handler" daemon [_thread_blocked, id=10080, stack(0x00000047f5200000,0x00000047f5300000)]
  0x00000182ffa53070 JavaThread "Finalizer" daemon [_thread_blocked, id=4088, stack(0x00000047f5300000,0x00000047f5400000)]
  0x00000182ffa934e0 JavaThread "Signal Dispatcher" daemon [_thread_blocked, id=6832, stack(0x00000047f5400000,0x00000047f5500000)]
  0x00000182ffa93da0 JavaThread "Attach Listener" daemon [_thread_blocked, id=5128, stack(0x00000047f5500000,0x00000047f5600000)]
  0x00000182ffa94870 JavaThread "Service Thread" daemon [_thread_blocked, id=10372, stack(0x00000047f5600000,0x00000047f5700000)]
  0x00000182ffa95130 JavaThread "Monitor Deflation Thread" daemon [_thread_blocked, id=4344, stack(0x00000047f5700000,0x00000047f5800000)]
  0x00000182ffa89130 JavaThread "C2 CompilerThread0" daemon [_thread_blocked, id=9672, stack(0x00000047f5800000,0x00000047f5900000)]
  0x00000182ffa8ebd0 JavaThread "C1 CompilerThread0" daemon [_thread_blocked, id=9840, stack(0x00000047f5900000,0x00000047f5a00000)]
  0x00000182ffa8c260 JavaThread "Sweeper thread" daemon [_thread_blocked, id=2776, stack(0x00000047f5a00000,0x00000047f5b00000)]
  0x00000182ffc036b0 JavaThread "Common-Cleaner" daemon [_thread_blocked, id=3740, stack(0x00000047f5b00000,0x00000047f5c00000)]
  0x00000182ffc0f650 JavaThread "Notification Thread" daemon [_thread_blocked, id=8812, stack(0x00000047f5c00000,0x00000047f5d00000)]
  0x00000182ffcdab50 JavaThread "C2 CompilerThread1" daemon [_thread_blocked, id=860, stack(0x00000047f5e00000,0x00000047f5f00000)]
  0x00000182ffe38770 JavaThread "C2 CompilerThread2" daemon [_thread_blocked, id=7652, stack(0x00000047f5f00000,0x00000047f6000000)]
  0x0000018288de36d0 JavaThread "Daemon health stats" [_thread_blocked, id=11008, stack(0x00000047f6400000,0x00000047f6500000)]
  0x000001828952e020 JavaThread "Incoming local TCP Connector on port 56318" [_thread_in_native, id=5136, stack(0x00000047f6500000,0x00000047f6600000)]
  0x0000018289369560 JavaThread "Daemon periodic checks" [_thread_blocked, id=2896, stack(0x00000047f6600000,0x00000047f6700000)]
  0x00000182897d0890 JavaThread "Daemon" [_thread_blocked, id=5708, stack(0x00000047f6700000,0x00000047f6800000)]
  0x0000018288e44030 JavaThread "Handler for socket connection from /127.0.0.1:56318 to /127.0.0.1:56319" [_thread_in_native, id=284, stack(0x00000047f6800000,0x00000047f6900000)]
  0x00000182899a8030 JavaThread "Cancel handler" [_thread_blocked, id=8056, stack(0x00000047f6900000,0x00000047f6a00000)]
  0x00000182899a8500 JavaThread "Daemon worker" [_thread_blocked, id=10412, stack(0x00000047f6a00000,0x00000047f6b00000)]
  0x0000018287f56230 JavaThread "Asynchronous log dispatcher for DefaultDaemonConnection: socket connection from /127.0.0.1:56318 to /127.0.0.1:56319" [_thread_blocked, id=6848, stack(0x00000047f6b00000,0x00000047f6c00000)]
  0x0000018287f54a20 JavaThread "Stdin handler" [_thread_blocked, id=5864, stack(0x00000047f6c00000,0x00000047f6d00000)]
  0x0000018287f55890 JavaThread "Daemon client event forwarder" [_thread_blocked, id=4476, stack(0x00000047f6d00000,0x00000047f6e00000)]
  0x0000018287f54ef0 JavaThread "Cache worker for journal cache (C:\Users\grank\.gradle\caches\journal-1)" [_thread_blocked, id=2496, stack(0x00000047f7200000,0x00000047f7300000)]
  0x0000018287f55d60 JavaThread "File lock request listener" [_thread_in_native, id=4056, stack(0x00000047f7300000,0x00000047f7400000)]
  0x0000018287f553c0 JavaThread "Cache worker for file hash cache (C:\Users\grank\.gradle\caches\8.0\fileHashes)" [_thread_blocked, id=10836, stack(0x00000047f7400000,0x00000047f7500000)]
  0x000001828a634390 JavaThread "File watcher server" daemon [_thread_in_native, id=10152, stack(0x00000047f7500000,0x00000047f7600000)]
  0x000001828a634860 JavaThread "File watcher consumer" daemon [_thread_blocked, id=3576, stack(0x00000047f7600000,0x00000047f7700000)]
  0x000001828a634d30 JavaThread "jar transforms" [_thread_blocked, id=3376, stack(0x00000047f7700000,0x00000047f7800000)]
  0x000001828a630ea0 JavaThread "jar transforms Thread 2" [_thread_blocked, id=9872, stack(0x00000047f7800000,0x00000047f7900000)]
  0x000001828a630030 JavaThread "jar transforms Thread 3" [_thread_blocked, id=7104, stack(0x00000047f7900000,0x00000047f7a00000)]
  0x000001828a633520 JavaThread "jar transforms Thread 4" [_thread_blocked, id=9416, stack(0x00000047f7a00000,0x00000047f7b00000)]
  0x000001828a631370 JavaThread "jar transforms Thread 5" [_thread_blocked, id=10636, stack(0x00000047f7b00000,0x00000047f7c00000)]
  0x000001828a6309d0 JavaThread "jar transforms Thread 6" [_thread_blocked, id=8528, stack(0x00000047f7c00000,0x00000047f7d00000)]
  0x000001828a631840 JavaThread "jar transforms Thread 7" [_thread_blocked, id=8824, stack(0x00000047f7d00000,0x00000047f7e00000)]
  0x000001828a6339f0 JavaThread "jar transforms Thread 8" [_thread_blocked, id=10560, stack(0x00000047f7e00000,0x00000047f7f00000)]
  0x000001828a62f1c0 JavaThread "Cache worker for checksums cache (C:\Users\grank\AndroidStudioProjects\Application\.gradle\8.0\checksums)" [_thread_blocked, id=10348, stack(0x00000047f7f00000,0x00000047f8000000)]
  0x000001828a62e820 JavaThread "Cache worker for cache directory md-rule (C:\Users\grank\.gradle\caches\8.0\md-rule)" [_thread_blocked, id=1820, stack(0x00000047f8000000,0x00000047f8100000)]
  0x000001828a6326b0 JavaThread "Cache worker for file content cache (C:\Users\grank\.gradle\caches\8.0\fileContent)" [_thread_blocked, id=1596, stack(0x00000047f8100000,0x00000047f8200000)]
  0x000001828a631d10 JavaThread "Cache worker for file hash cache (C:\Users\grank\AndroidStudioProjects\Application\.gradle\8.0\fileHashes)" [_thread_blocked, id=11048, stack(0x00000047f8200000,0x00000047f8300000)]
  0x000001828a62de80 JavaThread "Cache worker for cache directory md-supplier (C:\Users\grank\.gradle\caches\8.0\md-supplier)" [_thread_blocked, id=4784, stack(0x00000047f8300000,0x00000047f8400000)]
  0x000001828a62e350 JavaThread "Cache worker for execution history cache (C:\Users\grank\.gradle\caches\8.0\executionHistory)" [_thread_blocked, id=10524, stack(0x00000047f8400000,0x00000047f8500000)]
  0x000001828a6356d0 JavaThread "Cache worker for kotlin-dsl (C:\Users\grank\.gradle\caches\8.0\kotlin-dsl)" [_thread_blocked, id=10720, stack(0x00000047f8500000,0x00000047f8600000)]
  0x000001828a62ecf0 JavaThread "Cache worker for dependencies-accessors (C:\Users\grank\AndroidStudioProjects\Application\.gradle\8.0\dependencies-accessors)" [_thread_blocked, id=1612, stack(0x00000047f8600000,0x00000047f8700000)]
  0x000001828ce76fe0 JavaThread "Cache worker for Build Output Cleanup Cache (C:\Users\grank\AndroidStudioProjects\Application\.gradle\buildOutputCleanup)" [_thread_blocked, id=10128, stack(0x00000047f8700000,0x00000047f8800000)]
  0x000001828ce73af0 JavaThread "Unconstrained build operations" [_thread_blocked, id=4300, stack(0x00000047f8800000,0x00000047f8900000)]
  0x000001828ce73150 JavaThread "Unconstrained build operations Thread 2" [_thread_blocked, id=2156, stack(0x00000047f8900000,0x00000047f8a00000)]
  0x000001828ce76170 JavaThread "Unconstrained build operations Thread 3" [_thread_blocked, id=11108, stack(0x00000047f8a00000,0x00000047f8b00000)]
  0x000001828ce72c80 JavaThread "Unconstrained build operations Thread 4" [_thread_blocked, id=6896, stack(0x00000047f8b00000,0x00000047f8c00000)]
  0x000001828ce74e30 JavaThread "Unconstrained build operations Thread 5" [_thread_blocked, id=7868, stack(0x00000047f8c00000,0x00000047f8d00000)]
  0x000001828ce77980 JavaThread "Unconstrained build operations Thread 6" [_thread_blocked, id=7688, stack(0x00000047f8d00000,0x00000047f8e00000)]
  0x000001828ce71e10 JavaThread "Unconstrained build operations Thread 7" [_thread_blocked, id=9664, stack(0x00000047f8e00000,0x00000047f8f00000)]
  0x000001828ce70130 JavaThread "Unconstrained build operations Thread 8" [_thread_blocked, id=7532, stack(0x00000047f8f00000,0x00000047f9000000)]
  0x000001828ce73fc0 JavaThread "Unconstrained build operations Thread 9" [_thread_blocked, id=10776, stack(0x00000047f9000000,0x00000047f9100000)]
  0x000001828ce74490 JavaThread "Unconstrained build operations Thread 10" [_thread_blocked, id=5012, stack(0x00000047f9100000,0x00000047f9200000)]
  0x000001828ce71940 JavaThread "Unconstrained build operations Thread 11" [_thread_blocked, id=1220, stack(0x00000047f9200000,0x00000047f9300000)]
  0x000001828ce727b0 JavaThread "Unconstrained build operations Thread 12" [_thread_blocked, id=5048, stack(0x00000047f9300000,0x00000047f9400000)]
  0x000001828ce74960 JavaThread "Unconstrained build operations Thread 13" [_thread_blocked, id=1036, stack(0x00000047f9400000,0x00000047f9500000)]
  0x000001828ce70ad0 JavaThread "Unconstrained build operations Thread 14" [_thread_blocked, id=8764, stack(0x00000047f9500000,0x00000047f9600000)]
  0x000001828ce722e0 JavaThread "Unconstrained build operations Thread 15" [_thread_blocked, id=9724, stack(0x00000047f9600000,0x00000047f9700000)]
  0x000001828ce75300 JavaThread "Unconstrained build operations Thread 16" [_thread_blocked, id=7004, stack(0x00000047f9700000,0x00000047f9800000)]
  0x000001828ce76b10 JavaThread "Unconstrained build operations Thread 17" [_thread_blocked, id=7272, stack(0x00000047f9800000,0x00000047f9900000)]
  0x000001828ce757d0 JavaThread "Unconstrained build operations Thread 18" [_thread_blocked, id=8068, stack(0x00000047f9900000,0x00000047f9a00000)]
  0x000001828ce774b0 JavaThread "Unconstrained build operations Thread 19" [_thread_blocked, id=1256, stack(0x00000047f9a00000,0x00000047f9b00000)]
  0x000001828ce70fa0 JavaThread "Unconstrained build operations Thread 20" [_thread_blocked, id=8224, stack(0x00000047f9b00000,0x00000047f9c00000)]
  0x000001828ce70600 JavaThread "Unconstrained build operations Thread 21" [_thread_blocked, id=2060, stack(0x00000047f9c00000,0x00000047f9d00000)]
  0x000001828ce75ca0 JavaThread "Unconstrained build operations Thread 22" [_thread_blocked, id=5580, stack(0x00000047f9d00000,0x00000047f9e00000)]
  0x000001828ce71470 JavaThread "Unconstrained build operations Thread 23" [_thread_blocked, id=1996, stack(0x00000047f9e00000,0x00000047f9f00000)]
  0x0000018289d120d0 JavaThread "Unconstrained build operations Thread 24" [_thread_blocked, id=3704, stack(0x00000047f9f00000,0x00000047fa000000)]
  0x0000018289d0fa50 JavaThread "Unconstrained build operations Thread 25" [_thread_blocked, id=8384, stack(0x00000047fa000000,0x00000047fa100000)]
  0x0000018289d14750 JavaThread "Unconstrained build operations Thread 26" [_thread_blocked, id=10304, stack(0x00000047fa100000,0x00000047fa200000)]
  0x0000018289d0e710 JavaThread "Unconstrained build operations Thread 27" [_thread_blocked, id=9524, stack(0x00000047fa200000,0x00000047fa300000)]
  0x0000018289d125a0 JavaThread "Unconstrained build operations Thread 28" [_thread_blocked, id=9976, stack(0x00000047fa300000,0x00000047fa400000)]
  0x0000018289d103f0 JavaThread "Unconstrained build operations Thread 29" [_thread_blocked, id=2580, stack(0x00000047fa400000,0x00000047fa500000)]
  0x0000018289d0e240 JavaThread "Unconstrained build operations Thread 30" [_thread_blocked, id=1240, stack(0x00000047fa500000,0x00000047fa600000)]
  0x0000018289d108c0 JavaThread "Unconstrained build operations Thread 31" [_thread_blocked, id=8260, stack(0x00000047fa600000,0x00000047fa700000)]
  0x0000018289d155c0 JavaThread "Unconstrained build operations Thread 32" [_thread_blocked, id=10076, stack(0x00000047fa700000,0x00000047fa800000)]
  0x0000018289d0f580 JavaThread "Unconstrained build operations Thread 33" [_thread_blocked, id=7792, stack(0x00000047fa800000,0x00000047fa900000)]
  0x0000018289d0ebe0 JavaThread "Unconstrained build operations Thread 34" [_thread_blocked, id=8352, stack(0x00000047fa900000,0x00000047faa00000)]
  0x0000018289d10d90 JavaThread "Unconstrained build operations Thread 35" [_thread_blocked, id=2924, stack(0x00000047faa00000,0x00000047fab00000)]
  0x0000018289d14c20 JavaThread "Unconstrained build operations Thread 36" [_thread_blocked, id=10972, stack(0x00000047fab00000,0x00000047fac00000)]
  0x0000018289d0f0b0 JavaThread "Unconstrained build operations Thread 37" [_thread_blocked, id=9648, stack(0x00000047fac00000,0x00000047fad00000)]
  0x0000018289d14280 JavaThread "Unconstrained build operations Thread 38" [_thread_blocked, id=248, stack(0x00000047fad00000,0x00000047fae00000)]
  0x0000018289d150f0 JavaThread "Unconstrained build operations Thread 39" [_thread_blocked, id=8080, stack(0x00000047fae00000,0x00000047faf00000)]
  0x0000018289d12f40 JavaThread "Unconstrained build operations Thread 40" [_thread_blocked, id=4900, stack(0x00000047faf00000,0x00000047fb000000)]
  0x0000018289d11260 JavaThread "Unconstrained build operations Thread 41" [_thread_blocked, id=1168, stack(0x00000047fb000000,0x00000047fb100000)]
  0x0000018289d0ff20 JavaThread "Unconstrained build operations Thread 42" [_thread_blocked, id=1104, stack(0x00000047fb100000,0x00000047fb200000)]
  0x0000018289d13410 JavaThread "Unconstrained build operations Thread 43" [_thread_blocked, id=8348, stack(0x00000047fb200000,0x00000047fb300000)]
  0x0000018289d12a70 JavaThread "Unconstrained build operations Thread 44" [_thread_blocked, id=5212, stack(0x00000047fb300000,0x00000047fb400000)]
  0x0000018289d0dd70 JavaThread "Unconstrained build operations Thread 45" [_thread_blocked, id=8280, stack(0x00000047fb400000,0x00000047fb500000)]
  0x0000018289d11730 JavaThread "Unconstrained build operations Thread 46" [_thread_blocked, id=9844, stack(0x00000047fb500000,0x00000047fb600000)]
  0x0000018289d11c00 JavaThread "Unconstrained build operations Thread 47" [_thread_blocked, id=5600, stack(0x00000047fb600000,0x00000047fb700000)]
  0x0000018289d138e0 JavaThread "Unconstrained build operations Thread 48" [_thread_blocked, id=3088, stack(0x00000047fb700000,0x00000047fb800000)]
  0x0000018289d13db0 JavaThread "Unconstrained build operations Thread 49" [_thread_blocked, id=9188, stack(0x00000047fb800000,0x00000047fb900000)]
  0x000001828c61bf80 JavaThread "Unconstrained build operations Thread 50" [_thread_blocked, id=9904, stack(0x00000047fb900000,0x00000047fba00000)]
  0x000001828c61ac40 JavaThread "Unconstrained build operations Thread 51" [_thread_blocked, id=10624, stack(0x00000047fba00000,0x00000047fbb00000)]
  0x000001828c61d790 JavaThread "Unconstrained build operations Thread 52" [_thread_blocked, id=2296, stack(0x00000047fbb00000,0x00000047fbc00000)]
  0x000001828c61cdf0 JavaThread "Unconstrained build operations Thread 53" [_thread_blocked, id=9168, stack(0x00000047fbc00000,0x00000047fbd00000)]
  0x000001828c61b110 JavaThread "Unconstrained build operations Thread 54" [_thread_blocked, id=5044, stack(0x00000047fbd00000,0x00000047fbe00000)]
  0x000001828c61bab0 JavaThread "Unconstrained build operations Thread 55" [_thread_blocked, id=7544, stack(0x00000047fbe00000,0x00000047fbf00000)]
  0x000001828c61d2c0 JavaThread "Unconstrained build operations Thread 56" [_thread_blocked, id=10332, stack(0x00000047fbf00000,0x00000047fc000000)]
  0x000001828c61a2a0 JavaThread "Unconstrained build operations Thread 57" [_thread_blocked, id=9908, stack(0x00000047fc000000,0x00000047fc100000)]
  0x000001828c61c450 JavaThread "Unconstrained build operations Thread 58" [_thread_blocked, id=2624, stack(0x00000047fc100000,0x00000047fc200000)]
  0x000001828c61b5e0 JavaThread "Unconstrained build operations Thread 59" [_thread_blocked, id=6568, stack(0x00000047fc200000,0x00000047fc300000)]
  0x000001828c61a770 JavaThread "Unconstrained build operations Thread 60" [_thread_blocked, id=4568, stack(0x00000047fc300000,0x00000047fc400000)]
  0x000001828c61c920 JavaThread "Unconstrained build operations Thread 61" [_thread_blocked, id=6428, stack(0x00000047fc400000,0x00000047fc500000)]
  0x000001828c61dc60 JavaThread "Unconstrained build operations Thread 62" [_thread_blocked, id=6392, stack(0x00000047fc500000,0x00000047fc600000)]
  0x000001828d280fa0 JavaThread "Unconstrained build operations Thread 63" [_thread_blocked, id=4880, stack(0x00000047fc600000,0x00000047fc700000)]
  0x000001828d281e10 JavaThread "Unconstrained build operations Thread 64" [_thread_blocked, id=10160, stack(0x00000047fc700000,0x00000047fc800000)]
  0x000001828d27c770 JavaThread "Unconstrained build operations Thread 65" [_thread_blocked, id=7984, stack(0x00000047fc800000,0x00000047fc900000)]
  0x000001828d281470 JavaThread "Unconstrained build operations Thread 66" [_thread_blocked, id=3552, stack(0x00000047fc900000,0x00000047fca00000)]
  0x000001828d2822e0 JavaThread "Unconstrained build operations Thread 67" [_thread_blocked, id=660, stack(0x00000047fca00000,0x00000047fcb00000)]
  0x000001828d280ad0 JavaThread "Unconstrained build operations Thread 68" [_thread_blocked, id=4308, stack(0x00000047fcb00000,0x00000047fcc00000)]
  0x000001828d2827b0 JavaThread "Unconstrained build operations Thread 69" [_thread_blocked, id=5024, stack(0x00000047fcc00000,0x00000047fcd00000)]
  0x000001828d27d5e0 JavaThread "Unconstrained build operations Thread 70" [_thread_blocked, id=7496, stack(0x00000047fcd00000,0x00000047fce00000)]
  0x000001828d283150 JavaThread "Unconstrained build operations Thread 71" [_thread_blocked, id=9440, stack(0x00000047fce00000,0x00000047fcf00000)]
  0x000001828d27f790 JavaThread "Unconstrained build operations Thread 72" [_thread_blocked, id=1776, stack(0x00000047fcf00000,0x00000047fd000000)]
  0x000001828d27e450 JavaThread "Unconstrained build operations Thread 73" [_thread_blocked, id=10956, stack(0x00000047fd000000,0x00000047fd100000)]
  0x000001828d27c2a0 JavaThread "Unconstrained build operations Thread 74" [_thread_blocked, id=8160, stack(0x00000047fd100000,0x00000047fd200000)]
  0x000001828d280600 JavaThread "Unconstrained build operations Thread 75" [_thread_blocked, id=9972, stack(0x00000047fd200000,0x00000047fd300000)]
  0x000001828d27fc60 JavaThread "Unconstrained build operations Thread 76" [_thread_blocked, id=6732, stack(0x00000047fd300000,0x00000047fd400000)]
  0x000001828d282c80 JavaThread "Unconstrained build operations Thread 77" [_thread_blocked, id=7136, stack(0x00000047fd400000,0x00000047fd500000)]
  0x000001828d27e920 JavaThread "Unconstrained build operations Thread 78" [_thread_blocked, id=4264, stack(0x00000047fd500000,0x00000047fd600000)]
  0x000001828d280130 JavaThread "Unconstrained build operations Thread 79" [_thread_blocked, id=10964, stack(0x00000047fd600000,0x00000047fd700000)]
  0x000001828d27f2c0 JavaThread "Unconstrained build operations Thread 80" [_thread_blocked, id=7576, stack(0x00000047fd700000,0x00000047fd800000)]

Other Threads:
=>0x00000182ff9bed20 VMThread "VM Thread" [stack: 0x00000047f5100000,0x00000047f5200000] [id=2836]
  0x00000182ebc0ab80 WatcherThread [stack: 0x00000047f5d00000,0x00000047f5e00000] [id=8604]
  0x00000182ebbee290 GCTaskThread "GC Thread#0" [stack: 0x00000047f4c00000,0x00000047f4d00000] [id=10724]
  0x0000018286f87700 GCTaskThread "GC Thread#1" [stack: 0x00000047f6000000,0x00000047f6100000] [id=9936]
  0x0000018286f88720 GCTaskThread "GC Thread#2" [stack: 0x00000047f6100000,0x00000047f6200000] [id=6076]
  0x0000018286f889d0 GCTaskThread "GC Thread#3" [stack: 0x00000047f6200000,0x00000047f6300000] [id=10208]
  0x0000018286f88f30 GCTaskThread "GC Thread#4" [stack: 0x00000047f6300000,0x00000047f6400000] [id=7276]
  0x0000018286f87450 GCTaskThread "GC Thread#5" [stack: 0x00000047f6e00000,0x00000047f6f00000] [id=5156]
  0x0000018286f87f10 GCTaskThread "GC Thread#6" [stack: 0x00000047f6f00000,0x00000047f7000000] [id=2952]
  0x0000018286f88c80 GCTaskThread "GC Thread#7" [stack: 0x00000047f7000000,0x00000047f7100000] [id=3900]
  0x00000182ebbff0e0 ConcurrentGCThread "G1 Main Marker" [stack: 0x00000047f4d00000,0x00000047f4e00000] [id=840]
  0x00000182ebc001a0 ConcurrentGCThread "G1 Conc#0" [stack: 0x00000047f4e00000,0x00000047f4f00000] [id=6972]
  0x000001828917a0d0 ConcurrentGCThread "G1 Conc#1" [stack: 0x00000047f7100000,0x00000047f7200000] [id=4920]
  0x00000182ebc5e500 ConcurrentGCThread "G1 Refine#0" [stack: 0x00000047f4f00000,0x00000047f5000000] [id=424]
  0x00000182ff8724c0 ConcurrentGCThread "G1 Service" [stack: 0x00000047f5000000,0x00000047f5100000] [id=6728]

Threads with active compile tasks:
C2 CompilerThread1     7000 7267       4       org.gradle.internal.snapshot.ChildMap$Entry::handleAncestorDescendantOrExactMatch (110 bytes)
C2 CompilerThread2     7000 7276       4       java.util.HashMap::put (13 bytes)

VM state: at safepoint (normal execution)

VM Mutex/Monitor currently owned by a thread:  ([mutex/lock_event])
[0x00000182ebb915a0] Threads_lock - owner thread: 0x00000182ff9bed20
[0x00000182ebb92ef0] Heap_lock - owner thread: 0x00000182899a8500

Heap address: 0x0000000080000000, size: 2048 MB, Compressed Oops mode: 32-bit

CDS archive(s) not mapped
Compressed class space mapped at: 0x0000000100000000-0x0000000140000000, reserved size: 1073741824
Narrow klass base: 0x0000000000000000, Narrow klass shift: 3, Narrow klass range: 0x140000000

GC Precious Log:
 CPUs: 8 total, 8 available
 Memory: 8009M
 Large Page Support: Disabled
 NUMA Support: Disabled
 Compressed Oops: Enabled (32-bit)
 Heap Region Size: 1M
 Heap Min Capacity: 8M
 Heap Initial Capacity: 126M
 Heap Max Capacity: 2G
 Pre-touch: Disabled
 Parallel Workers: 8
 Concurrent Workers: 2
 Concurrent Refinement Workers: 8
 Periodic GC: Disabled

Heap:
 garbage-first heap   total 129024K, used 63406K [0x0000000080000000, 0x0000000100000000)
  region size 1024K, 4 young (4096K), 4 survivors (4096K)
 Metaspace       used 61608K, committed 62208K, reserved 1105920K
  class space    used 8284K, committed 8576K, reserved 1048576K

Heap Regions: E=young(eden), S=young(survivor), O=old, HS=humongous(starts), HC=humongous(continues), CS=collection set, F=free, OA=open archive, CA=closed archive, TAMS=top-at-mark-start (previous, next)
|   0|0x0000000080000000, 0x0000000080100000, 0x0000000080100000|100%|HS|  |TAMS 0x0000000080100000, 0x0000000080100000| Complete 
|   1|0x0000000080100000, 0x0000000080200000, 0x0000000080200000|100%|HC|  |TAMS 0x0000000080200000, 0x0000000080200000| Complete 
|   2|0x0000000080200000, 0x0000000080300000, 0x0000000080300000|100%|HC|  |TAMS 0x0000000080300000, 0x0000000080300000| Complete 
|   3|0x0000000080300000, 0x0000000080400000, 0x0000000080400000|100%|HC|  |TAMS 0x0000000080400000, 0x0000000080400000| Complete 
|   4|0x0000000080400000, 0x0000000080500000, 0x0000000080500000|100%| O|  |TAMS 0x0000000080500000, 0x0000000080500000| Untracked 
|   5|0x0000000080500000, 0x0000000080600000, 0x0000000080600000|100%| O|  |TAMS 0x0000000080600000, 0x0000000080600000| Untracked 
|   6|0x0000000080600000, 0x0000000080700000, 0x0000000080700000|100%| O|  |TAMS 0x0000000080700000, 0x0000000080700000| Untracked 
|   7|0x0000000080700000, 0x0000000080800000, 0x0000000080800000|100%| O|  |TAMS 0x0000000080800000, 0x0000000080800000| Untracked 
|   8|0x0000000080800000, 0x0000000080900000, 0x0000000080900000|100%| O|  |TAMS 0x0000000080900000, 0x0000000080900000| Untracked 
|   9|0x0000000080900000, 0x0000000080a00000, 0x0000000080a00000|100%| O|  |TAMS 0x0000000080a00000, 0x0000000080a00000| Untracked 
|  10|0x0000000080a00000, 0x0000000080b00000, 0x0000000080b00000|100%| O|  |TAMS 0x0000000080b00000, 0x0000000080b00000| Untracked 
|  11|0x0000000080b00000, 0x0000000080b58200, 0x0000000080c00000| 34%| O|  |TAMS 0x0000000080b58200, 0x0000000080b58200| Untracked 
|  12|0x0000000080c00000, 0x0000000080d00000, 0x0000000080d00000|100%| O|  |TAMS 0x0000000080d00000, 0x0000000080d00000| Untracked 
|  13|0x0000000080d00000, 0x0000000080e00000, 0x0000000080e00000|100%| O|  |TAMS 0x0000000080e00000, 0x0000000080e00000| Untracked 
|  14|0x0000000080e00000, 0x0000000080f00000, 0x0000000080f00000|100%| O|  |TAMS 0x0000000080f00000, 0x0000000080f00000| Untracked 
|  15|0x0000000080f00000, 0x0000000081000000, 0x0000000081000000|100%| O|  |TAMS 0x0000000081000000, 0x0000000081000000| Untracked 
|  16|0x0000000081000000, 0x0000000081100000, 0x0000000081100000|100%| O|  |TAMS 0x0000000081100000, 0x0000000081100000| Untracked 
|  17|0x0000000081100000, 0x0000000081200000, 0x0000000081200000|100%| O|  |TAMS 0x0000000081200000, 0x0000000081200000| Untracked 
|  18|0x0000000081200000, 0x0000000081300000, 0x0000000081300000|100%| O|  |TAMS 0x0000000081300000, 0x0000000081300000| Untracked 
|  19|0x0000000081300000, 0x0000000081400000, 0x0000000081400000|100%|HS|  |TAMS 0x0000000081400000, 0x0000000081400000| Complete 
|  20|0x0000000081400000, 0x0000000081500000, 0x0000000081500000|100%|HC|  |TAMS 0x0000000081500000, 0x0000000081500000| Complete 
|  21|0x0000000081500000, 0x0000000081600000, 0x0000000081600000|100%|HS|  |TAMS 0x0000000081600000, 0x0000000081600000| Complete 
|  22|0x0000000081600000, 0x0000000081700000, 0x0000000081700000|100%|HC|  |TAMS 0x0000000081700000, 0x0000000081700000| Complete 
|  23|0x0000000081700000, 0x0000000081800000, 0x0000000081800000|100%|HC|  |TAMS 0x0000000081800000, 0x0000000081800000| Complete 
|  24|0x0000000081800000, 0x0000000081900000, 0x0000000081900000|100%| O|  |TAMS 0x0000000081900000, 0x0000000081900000| Untracked 
|  25|0x0000000081900000, 0x0000000081a00000, 0x0000000081a00000|100%| O|  |TAMS 0x0000000081a00000, 0x0000000081a00000| Untracked 
|  26|0x0000000081a00000, 0x0000000081b00000, 0x0000000081b00000|100%| O|  |TAMS 0x0000000081b00000, 0x0000000081b00000| Untracked 
|  27|0x0000000081b00000, 0x0000000081c00000, 0x0000000081c00000|100%| O|  |TAMS 0x0000000081c00000, 0x0000000081c00000| Untracked 
|  28|0x0000000081c00000, 0x0000000081d00000, 0x0000000081d00000|100%|HS|  |TAMS 0x0000000081d00000, 0x0000000081d00000| Complete 
|  29|0x0000000081d00000, 0x0000000081e00000, 0x0000000081e00000|100%|HC|  |TAMS 0x0000000081e00000, 0x0000000081e00000| Complete 
|  30|0x0000000081e00000, 0x0000000081f00000, 0x0000000081f00000|100%|HC|  |TAMS 0x0000000081f00000, 0x0000000081f00000| Complete 
|  31|0x0000000081f00000, 0x0000000082000000, 0x0000000082000000|100%| O|  |TAMS 0x0000000082000000, 0x0000000082000000| Untracked 
|  32|0x0000000082000000, 0x0000000082100000, 0x0000000082100000|100%| O|  |TAMS 0x0000000082100000, 0x0000000082100000| Untracked 
|  33|0x0000000082100000, 0x0000000082200000, 0x0000000082200000|100%| O|  |TAMS 0x0000000082200000, 0x0000000082200000| Untracked 
|  34|0x0000000082200000, 0x0000000082300000, 0x0000000082300000|100%| O|  |TAMS 0x0000000082300000, 0x0000000082300000| Untracked 
|  35|0x0000000082300000, 0x0000000082400000, 0x0000000082400000|100%| O|  |TAMS 0x0000000082400000, 0x0000000082400000| Untracked 
|  36|0x0000000082400000, 0x0000000082500000, 0x0000000082500000|100%| O|  |TAMS 0x0000000082500000, 0x0000000082500000| Untracked 
|  37|0x0000000082500000, 0x0000000082600000, 0x0000000082600000|100%| O|  |TAMS 0x0000000082600000, 0x0000000082600000| Untracked 
|  38|0x0000000082600000, 0x0000000082700000, 0x0000000082700000|100%| O|  |TAMS 0x0000000082700000, 0x0000000082700000| Untracked 
|  39|0x0000000082700000, 0x0000000082800000, 0x0000000082800000|100%| O|  |TAMS 0x0000000082800000, 0x0000000082800000| Untracked 
|  40|0x0000000082800000, 0x0000000082900000, 0x0000000082900000|100%| O|  |TAMS 0x0000000082900000, 0x0000000082900000| Untracked 
|  41|0x0000000082900000, 0x0000000082a00000, 0x0000000082a00000|100%| O|  |TAMS 0x0000000082a00000, 0x0000000082a00000| Untracked 
|  42|0x0000000082a00000, 0x0000000082b00000, 0x0000000082b00000|100%| O|  |TAMS 0x0000000082b00000, 0x0000000082b00000| Untracked 
|  43|0x0000000082b00000, 0x0000000082c00000, 0x0000000082c00000|100%|HS|  |TAMS 0x0000000082c00000, 0x0000000082c00000| Complete 
|  44|0x0000000082c00000, 0x0000000082d00000, 0x0000000082d00000|100%|HC|  |TAMS 0x0000000082d00000, 0x0000000082d00000| Complete 
|  45|0x0000000082d00000, 0x0000000082e00000, 0x0000000082e00000|100%|HC|  |TAMS 0x0000000082e00000, 0x0000000082e00000| Complete 
|  46|0x0000000082e00000, 0x0000000082f00000, 0x0000000082f00000|100%| O|  |TAMS 0x0000000082f00000, 0x0000000082f00000| Untracked 
|  47|0x0000000082f00000, 0x0000000083000000, 0x0000000083000000|100%|HS|  |TAMS 0x0000000083000000, 0x0000000083000000| Complete 
|  48|0x0000000083000000, 0x0000000083100000, 0x0000000083100000|100%|HC|  |TAMS 0x0000000083100000, 0x0000000083100000| Complete 
|  49|0x0000000083100000, 0x0000000083200000, 0x0000000083200000|100%|HC|  |TAMS 0x0000000083200000, 0x0000000083200000| Complete 
|  50|0x0000000083200000, 0x0000000083300000, 0x0000000083300000|100%| O|  |TAMS 0x0000000083300000, 0x0000000083300000| Untracked 
|  51|0x0000000083300000, 0x0000000083400000, 0x0000000083400000|100%| O|  |TAMS 0x0000000083400000, 0x0000000083400000| Untracked 
|  52|0x0000000083400000, 0x0000000083500000, 0x0000000083500000|100%| O|  |TAMS 0x0000000083500000, 0x0000000083500000| Untracked 
|  53|0x0000000083500000, 0x0000000083600000, 0x0000000083600000|100%| O|  |TAMS 0x0000000083500000, 0x0000000083600000| Untracked 
|  54|0x0000000083600000, 0x0000000083700000, 0x0000000083700000|100%| O|  |TAMS 0x0000000083700000, 0x0000000083700000| Untracked 
|  55|0x0000000083700000, 0x0000000083800000, 0x0000000083800000|100%| O|  |TAMS 0x000000008373d800, 0x0000000083800000| Untracked 
|  56|0x0000000083800000, 0x0000000083900000, 0x0000000083900000|100%| O|  |TAMS 0x0000000083800000, 0x0000000083900000| Untracked 
|  57|0x0000000083900000, 0x0000000083a00000, 0x0000000083a00000|100%| O|  |TAMS 0x0000000083900000, 0x0000000083932000| Untracked 
|  58|0x0000000083a00000, 0x0000000083b00000, 0x0000000083b00000|100%| O|  |TAMS 0x0000000083a00000, 0x0000000083a00000| Untracked 
|  59|0x0000000083b00000, 0x0000000083b36000, 0x0000000083c00000| 21%| O|  |TAMS 0x0000000083b00000, 0x0000000083b00000| Untracked 
|  60|0x0000000083c00000, 0x0000000083c00000, 0x0000000083d00000|  0%| F|  |TAMS 0x0000000083c00000, 0x0000000083c00000| Untracked 
|  61|0x0000000083d00000, 0x0000000083d00000, 0x0000000083e00000|  0%| F|  |TAMS 0x0000000083d00000, 0x0000000083d00000| Untracked 
|  62|0x0000000083e00000, 0x0000000083e00000, 0x0000000083f00000|  0%| F|  |TAMS 0x0000000083e00000, 0x0000000083e00000| Untracked 
|  63|0x0000000083f00000, 0x0000000083f00000, 0x0000000084000000|  0%| F|  |TAMS 0x0000000083f00000, 0x0000000083f00000| Untracked 
|  64|0x0000000084000000, 0x0000000084000000, 0x0000000084100000|  0%| F|  |TAMS 0x0000000084000000, 0x0000000084000000| Untracked 
|  65|0x0000000084100000, 0x0000000084100000, 0x0000000084200000|  0%| F|  |TAMS 0x0000000084100000, 0x0000000084100000| Untracked 
|  66|0x0000000084200000, 0x0000000084200000, 0x0000000084300000|  0%| F|  |TAMS 0x0000000084200000, 0x0000000084200000| Untracked 
|  67|0x0000000084300000, 0x0000000084300000, 0x0000000084400000|  0%| F|  |TAMS 0x0000000084300000, 0x0000000084300000| Untracked 
|  68|0x0000000084400000, 0x0000000084400000, 0x0000000084500000|  0%| F|  |TAMS 0x0000000084400000, 0x0000000084400000| Untracked 
|  69|0x0000000084500000, 0x0000000084500000, 0x0000000084600000|  0%| F|  |TAMS 0x0000000084500000, 0x0000000084500000| Untracked 
|  70|0x0000000084600000, 0x0000000084600000, 0x0000000084700000|  0%| F|  |TAMS 0x0000000084600000, 0x0000000084600000| Untracked 
|  71|0x0000000084700000, 0x0000000084700000, 0x0000000084800000|  0%| F|  |TAMS 0x0000000084700000, 0x0000000084700000| Untracked 
|  72|0x0000000084800000, 0x0000000084800000, 0x0000000084900000|  0%| F|  |TAMS 0x0000000084800000, 0x0000000084800000| Untracked 
|  73|0x0000000084900000, 0x0000000084900000, 0x0000000084a00000|  0%| F|  |TAMS 0x0000000084900000, 0x0000000084900000| Untracked 
|  74|0x0000000084a00000, 0x0000000084a00000, 0x0000000084b00000|  0%| F|  |TAMS 0x0000000084a00000, 0x0000000084a00000| Untracked 
|  75|0x0000000084b00000, 0x0000000084b00000, 0x0000000084c00000|  0%| F|  |TAMS 0x0000000084b00000, 0x0000000084b00000| Untracked 
|  76|0x0000000084c00000, 0x0000000084c00000, 0x0000000084d00000|  0%| F|  |TAMS 0x0000000084c00000, 0x0000000084c00000| Untracked 
|  77|0x0000000084d00000, 0x0000000084d00000, 0x0000000084e00000|  0%| F|  |TAMS 0x0000000084d00000, 0x0000000084d00000| Untracked 
|  78|0x0000000084e00000, 0x0000000084e00000, 0x0000000084f00000|  0%| F|  |TAMS 0x0000000084e00000, 0x0000000084e00000| Untracked 
|  79|0x0000000084f00000, 0x0000000084f00000, 0x0000000085000000|  0%| F|  |TAMS 0x0000000084f00000, 0x0000000084f00000| Untracked 
|  80|0x0000000085000000, 0x0000000085000000, 0x0000000085100000|  0%| F|  |TAMS 0x0000000085000000, 0x0000000085000000| Untracked 
|  81|0x0000000085100000, 0x0000000085100000, 0x0000000085200000|  0%| F|  |TAMS 0x0000000085100000, 0x0000000085100000| Untracked 
|  82|0x0000000085200000, 0x0000000085200000, 0x0000000085300000|  0%| F|  |TAMS 0x0000000085200000, 0x0000000085200000| Untracked 
|  83|0x0000000085300000, 0x0000000085300000, 0x0000000085400000|  0%| F|  |TAMS 0x0000000085300000, 0x0000000085300000| Untracked 
|  84|0x0000000085400000, 0x0000000085400000, 0x0000000085500000|  0%| F|  |TAMS 0x0000000085400000, 0x0000000085400000| Untracked 
|  85|0x0000000085500000, 0x0000000085500000, 0x0000000085600000|  0%| F|  |TAMS 0x0000000085500000, 0x0000000085500000| Untracked 
|  86|0x0000000085600000, 0x0000000085600000, 0x0000000085700000|  0%| F|  |TAMS 0x0000000085600000, 0x0000000085600000| Untracked 
|  87|0x0000000085700000, 0x0000000085700000, 0x0000000085800000|  0%| F|  |TAMS 0x0000000085700000, 0x0000000085700000| Untracked 
|  88|0x0000000085800000, 0x000000008585d880, 0x0000000085900000| 36%| S|CS|TAMS 0x0000000085800000, 0x0000000085800000| Complete 
|  89|0x0000000085900000, 0x0000000085a00000, 0x0000000085a00000|100%| S|CS|TAMS 0x0000000085900000, 0x0000000085900000| Complete 
|  90|0x0000000085a00000, 0x0000000085b00000, 0x0000000085b00000|100%| S|CS|TAMS 0x0000000085a00000, 0x0000000085a00000| Complete 
|  91|0x0000000085b00000, 0x0000000085c00000, 0x0000000085c00000|100%| S|CS|TAMS 0x0000000085b00000, 0x0000000085b00000| Complete 
|  92|0x0000000085c00000, 0x0000000085c00000, 0x0000000085d00000|  0%| F|  |TAMS 0x0000000085c00000, 0x0000000085c00000| Untracked 
|  93|0x0000000085d00000, 0x0000000085d00000, 0x0000000085e00000|  0%| F|  |TAMS 0x0000000085d00000, 0x0000000085d00000| Untracked 
|  94|0x0000000085e00000, 0x0000000085e00000, 0x0000000085f00000|  0%| F|  |TAMS 0x0000000085e00000, 0x0000000085e00000| Untracked 
|  95|0x0000000085f00000, 0x0000000085f00000, 0x0000000086000000|  0%| F|  |TAMS 0x0000000085f00000, 0x0000000085f00000| Untracked 
|  96|0x0000000086000000, 0x0000000086000000, 0x0000000086100000|  0%| F|  |TAMS 0x0000000086000000, 0x0000000086000000| Untracked 
|  97|0x0000000086100000, 0x0000000086100000, 0x0000000086200000|  0%| F|  |TAMS 0x0000000086100000, 0x0000000086100000| Untracked 
|  98|0x0000000086200000, 0x0000000086200000, 0x0000000086300000|  0%| F|  |TAMS 0x0000000086200000, 0x0000000086200000| Untracked 
|  99|0x0000000086300000, 0x0000000086300000, 0x0000000086400000|  0%| F|  |TAMS 0x0000000086300000, 0x0000000086300000| Untracked 
| 100|0x0000000086400000, 0x0000000086400000, 0x0000000086500000|  0%| F|  |TAMS 0x0000000086400000, 0x0000000086400000| Untracked 
| 101|0x0000000086500000, 0x0000000086500000, 0x0000000086600000|  0%| F|  |TAMS 0x0000000086500000, 0x0000000086500000| Untracked 
| 102|0x0000000086600000, 0x0000000086600000, 0x0000000086700000|  0%| F|  |TAMS 0x0000000086600000, 0x0000000086600000| Untracked 
| 103|0x0000000086700000, 0x0000000086700000, 0x0000000086800000|  0%| F|  |TAMS 0x0000000086700000, 0x0000000086700000| Untracked 
| 104|0x0000000086800000, 0x0000000086800000, 0x0000000086900000|  0%| F|  |TAMS 0x0000000086800000, 0x0000000086800000| Untracked 
| 105|0x0000000086900000, 0x0000000086900000, 0x0000000086a00000|  0%| F|  |TAMS 0x0000000086900000, 0x0000000086900000| Untracked 
| 106|0x0000000086a00000, 0x0000000086a00000, 0x0000000086b00000|  0%| F|  |TAMS 0x0000000086a00000, 0x0000000086a00000| Untracked 
| 107|0x0000000086b00000, 0x0000000086b00000, 0x0000000086c00000|  0%| F|  |TAMS 0x0000000086b00000, 0x0000000086b00000| Untracked 
| 108|0x0000000086c00000, 0x0000000086c00000, 0x0000000086d00000|  0%| F|  |TAMS 0x0000000086c00000, 0x0000000086c00000| Untracked 
| 109|0x0000000086d00000, 0x0000000086d00000, 0x0000000086e00000|  0%| F|  |TAMS 0x0000000086d00000, 0x0000000086d00000| Untracked 
| 110|0x0000000086e00000, 0x0000000086e00000, 0x0000000086f00000|  0%| F|  |TAMS 0x0000000086e00000, 0x0000000086e00000| Untracked 
| 111|0x0000000086f00000, 0x0000000086f00000, 0x0000000087000000|  0%| F|  |TAMS 0x0000000086f00000, 0x0000000086f00000| Untracked 
| 112|0x0000000087000000, 0x0000000087000000, 0x0000000087100000|  0%| F|  |TAMS 0x0000000087000000, 0x0000000087000000| Untracked 
| 113|0x0000000087100000, 0x0000000087100000, 0x0000000087200000|  0%| F|  |TAMS 0x0000000087100000, 0x0000000087100000| Untracked 
| 114|0x0000000087200000, 0x0000000087200000, 0x0000000087300000|  0%| F|  |TAMS 0x0000000087200000, 0x0000000087200000| Untracked 
| 115|0x0000000087300000, 0x0000000087300000, 0x0000000087400000|  0%| F|  |TAMS 0x0000000087300000, 0x0000000087300000| Untracked 
| 116|0x0000000087400000, 0x0000000087400000, 0x0000000087500000|  0%| F|  |TAMS 0x0000000087400000, 0x0000000087400000| Untracked 
| 117|0x0000000087500000, 0x0000000087500000, 0x0000000087600000|  0%| F|  |TAMS 0x0000000087500000, 0x0000000087500000| Untracked 
| 118|0x0000000087600000, 0x0000000087600000, 0x0000000087700000|  0%| F|  |TAMS 0x0000000087600000, 0x0000000087600000| Untracked 
| 119|0x0000000087700000, 0x0000000087700000, 0x0000000087800000|  0%| F|  |TAMS 0x0000000087700000, 0x0000000087700000| Untracked 
| 120|0x0000000087800000, 0x0000000087800000, 0x0000000087900000|  0%| F|  |TAMS 0x0000000087800000, 0x0000000087800000| Untracked 
| 121|0x0000000087900000, 0x0000000087900000, 0x0000000087a00000|  0%| F|  |TAMS 0x0000000087900000, 0x0000000087900000| Untracked 
| 122|0x0000000087a00000, 0x0000000087a00000, 0x0000000087b00000|  0%| F|  |TAMS 0x0000000087a00000, 0x0000000087a00000| Untracked 
| 123|0x0000000087b00000, 0x0000000087b00000, 0x0000000087c00000|  0%| F|  |TAMS 0x0000000087b00000, 0x0000000087b00000| Untracked 
| 124|0x0000000087c00000, 0x0000000087c00000, 0x0000000087d00000|  0%| F|  |TAMS 0x0000000087c00000, 0x0000000087c00000| Untracked 
| 125|0x0000000087d00000, 0x0000000087d00000, 0x0000000087e00000|  0%| F|  |TAMS 0x0000000087d00000, 0x0000000087d00000| Untracked 

Card table byte_map: [0x00000182fe7a0000,0x00000182feba0000] _byte_map_base: 0x00000182fe3a0000

Marking Bits (Prev, Next): (CMBitMap*) 0x00000182ebbee7f0, (CMBitMap*) 0x00000182ebbee7b0
 Prev Bits: [0x0000018282000000, 0x0000018284000000)
 Next Bits: [0x0000018280000000, 0x0000018282000000)

Polling page: 0x00000182e9a00000

Metaspace:

Usage:
  Non-class:     52.07 MB used.
      Class:      8.09 MB used.
       Both:     60.16 MB used.

Virtual space:
  Non-class space:       56.00 MB reserved,      52.38 MB ( 94%) committed,  7 nodes.
      Class space:        1.00 GB reserved,       8.38 MB ( <1%) committed,  1 nodes.
             Both:        1.05 GB reserved,      60.75 MB (  6%) committed. 

Chunk freelists:
   Non-Class:  3.00 MB
       Class:  3.69 MB
        Both:  6.69 MB

MaxMetaspaceSize: unlimited
CompressedClassSpaceSize: 1.00 GB
Initial GC threshold: 21.00 MB
Current GC threshold: 97.75 MB
CDS: off
MetaspaceReclaimPolicy: balanced
 - commit_granule_bytes: 65536.
 - commit_granule_words: 8192.
 - virtual_space_node_default_size: 1048576.
 - enlarge_chunks_in_place: 1.
 - new_chunks_are_fully_committed: 0.
 - uncommit_free_chunks: 1.
 - use_allocation_guard: 0.
 - handle_deallocations: 1.


Internal statistics:

num_allocs_failed_limit: 6.
num_arena_births: 662.
num_arena_deaths: 4.
num_vsnodes_births: 8.
num_vsnodes_deaths: 0.
num_space_committed: 972.
num_space_uncommitted: 0.
num_chunks_returned_to_freelist: 15.
num_chunks_taken_from_freelist: 2732.
num_chunk_merges: 4.
num_chunk_splits: 1827.
num_chunks_enlarged: 1258.
num_purges: 4.
num_inconsistent_stats: 0.

CodeHeap 'non-profiled nmethods': size=120000Kb used=3872Kb max_used=3872Kb free=116127Kb
 bounds [0x00000182f6b30000, 0x00000182f6f00000, 0x00000182fe060000]
CodeHeap 'profiled nmethods': size=120000Kb used=12120Kb max_used=12120Kb free=107879Kb
 bounds [0x00000182ef060000, 0x00000182efc40000, 0x00000182f6590000]
CodeHeap 'non-nmethods': size=5760Kb used=2335Kb max_used=2407Kb free=3424Kb
 bounds [0x00000182f6590000, 0x00000182f6800000, 0x00000182f6b30000]
 total_blobs=7350 nmethods=6492 adapters=770
 compilation: enabled
              stopped_count=0, restarted_count=0
 full_count=0

Compilation events (20 events):
Event: 6.965 Thread 0x00000182ffa8ebd0 nmethod 7264 0x00000182efc33190 code [0x00000182efc33340, 0x00000182efc334c8]
Event: 6.965 Thread 0x00000182ffa8ebd0 7265       3       org.gradle.internal.fingerprint.classpath.impl.ClasspathFingerprintingStrategy$ClasspathFingerprintingVisitor$1::visitRegularFile (132 bytes)
Event: 6.966 Thread 0x00000182ffa89130 7269       4       org.gradle.internal.instantiation.generator.AsmBackedClassGenerator::access$8100 (4 bytes)
Event: 6.966 Thread 0x00000182ffa8ebd0 nmethod 7265 0x00000182efc33610 code [0x00000182efc338c0, 0x00000182efc34688]
Event: 6.966 Thread 0x00000182ffa8ebd0 7268       3       com.google.common.collect.RegularImmutableMap$Values::get (15 bytes)
Event: 6.966 Thread 0x00000182ffa8ebd0 nmethod 7268 0x00000182efc34c10 code [0x00000182efc34dc0, 0x00000182efc34fc8]
Event: 6.966 Thread 0x00000182ffa89130 nmethod 7269 0x00000182f6ef7910 code [0x00000182f6ef7a80, 0x00000182f6ef7ad8]
Event: 6.966 Thread 0x00000182ffa8ebd0 7270       1       org.gradle.api.internal.DefaultDomainObjectCollection::getStore (5 bytes)
Event: 6.966 Thread 0x00000182ffa8ebd0 nmethod 7270 0x00000182f6ef7c10 code [0x00000182f6ef7da0, 0x00000182f6ef7e78]
Event: 6.966 Thread 0x00000182ffa8ebd0 7271       3       org.gradle.api.internal.attributes.DefaultMutableAttributeContainer::doInsertion (39 bytes)
Event: 6.966 Thread 0x00000182ffa8ebd0 nmethod 7271 0x00000182efc35110 code [0x00000182efc35320, 0x00000182efc35968]
Event: 6.966 Thread 0x00000182ffa8ebd0 7272       3       com.google.common.collect.ImmutableCollection::toArray (8 bytes)
Event: 6.966 Thread 0x00000182ffa8ebd0 nmethod 7272 0x00000182efc35b90 code [0x00000182efc35d40, 0x00000182efc35e88]
Event: 6.967 Thread 0x00000182ffa8ebd0 7273       1       com.google.common.collect.ImmutableCollection::internalArray (2 bytes)
Event: 6.967 Thread 0x00000182ffa8ebd0 nmethod 7273 0x00000182f6ef7f10 code [0x00000182f6ef80a0, 0x00000182f6ef8178]
Event: 6.967 Thread 0x00000182ffa8ebd0 7274       3       org.gradle.internal.instantiation.generator.AsmBackedClassGenerator::getServicesForNext (13 bytes)
Event: 6.967 Thread 0x00000182ffa8ebd0 nmethod 7274 0x00000182efc35f10 code [0x00000182efc360c0, 0x00000182efc36348]
Event: 6.967 Thread 0x00000182ffa8ebd0 7275       3       org.gradle.internal.instantiation.generator.DefaultInstantiatorFactory::decorateLenient (8 bytes)
Event: 6.967 Thread 0x00000182ffe38770 7276       4       java.util.HashMap::put (13 bytes)
Event: 6.967 Thread 0x00000182ffa8ebd0 nmethod 7275 0x00000182efc36410 code [0x00000182efc365a0, 0x00000182efc366d8]

GC Heap History (20 events):
Event: 4.823 GC heap after
{Heap after GC invocations=16 (full 0):
 garbage-first heap   total 86016K, used 44239K [0x0000000080000000, 0x0000000100000000)
  region size 1024K, 2 young (2048K), 2 survivors (2048K)
 Metaspace       used 49423K, committed 49856K, reserved 1097728K
  class space    used 6632K, committed 6848K, reserved 1048576K
}
Event: 4.916 GC heap before
{Heap before GC invocations=17 (full 0):
 garbage-first heap   total 89088K, used 68815K [0x0000000080000000, 0x0000000100000000)
  region size 1024K, 26 young (26624K), 2 survivors (2048K)
 Metaspace       used 49532K, committed 49984K, reserved 1097728K
  class space    used 6648K, committed 6848K, reserved 1048576K
}
Event: 4.919 GC heap after
{Heap after GC invocations=18 (full 0):
 garbage-first heap   total 89088K, used 44569K [0x0000000080000000, 0x0000000100000000)
  region size 1024K, 2 young (2048K), 2 survivors (2048K)
 Metaspace       used 49532K, committed 49984K, reserved 1097728K
  class space    used 6648K, committed 6848K, reserved 1048576K
}
Event: 5.235 GC heap before
{Heap before GC invocations=18 (full 0):
 garbage-first heap   total 89088K, used 59929K [0x0000000080000000, 0x0000000100000000)
  region size 1024K, 18 young (18432K), 2 survivors (2048K)
 Metaspace       used 51758K, committed 52224K, reserved 1097728K
  class space    used 6900K, committed 7104K, reserved 1048576K
}
Event: 5.238 GC heap after
{Heap after GC invocations=19 (full 0):
 garbage-first heap   total 110592K, used 46614K [0x0000000080000000, 0x0000000100000000)
  region size 1024K, 4 young (4096K), 4 survivors (4096K)
 Metaspace       used 51758K, committed 52224K, reserved 1097728K
  class space    used 6900K, committed 7104K, reserved 1048576K
}
Event: 5.254 GC heap before
{Heap before GC invocations=19 (full 0):
 garbage-first heap   total 110592K, used 49686K [0x0000000080000000, 0x0000000100000000)
  region size 1024K, 5 young (5120K), 4 survivors (4096K)
 Metaspace       used 51758K, committed 52224K, reserved 1097728K
  class space    used 6900K, committed 7104K, reserved 1048576K
}
Event: 5.258 GC heap after
{Heap after GC invocations=20 (full 0):
 garbage-first heap   total 110592K, used 50315K [0x0000000080000000, 0x0000000100000000)
  region size 1024K, 4 young (4096K), 4 survivors (4096K)
 Metaspace       used 51758K, committed 52224K, reserved 1097728K
  class space    used 6900K, committed 7104K, reserved 1048576K
}
Event: 5.348 GC heap before
{Heap before GC invocations=20 (full 0):
 garbage-first heap   total 110592K, used 78987K [0x0000000080000000, 0x0000000100000000)
  region size 1024K, 29 young (29696K), 4 survivors (4096K)
 Metaspace       used 51780K, committed 52224K, reserved 1097728K
  class space    used 6903K, committed 7104K, reserved 1048576K
}
Event: 5.351 GC heap after
{Heap after GC invocations=21 (full 0):
 garbage-first heap   total 110592K, used 54169K [0x0000000080000000, 0x0000000100000000)
  region size 1024K, 2 young (2048K), 2 survivors (2048K)
 Metaspace       used 51780K, committed 52224K, reserved 1097728K
  class space    used 6903K, committed 7104K, reserved 1048576K
}
Event: 5.553 GC heap before
{Heap before GC invocations=21 (full 0):
 garbage-first heap   total 110592K, used 79769K [0x0000000080000000, 0x0000000100000000)
  region size 1024K, 27 young (27648K), 2 survivors (2048K)
 Metaspace       used 52367K, committed 52864K, reserved 1097728K
  class space    used 6968K, committed 7168K, reserved 1048576K
}
Event: 5.555 GC heap after
{Heap after GC invocations=22 (full 0):
 garbage-first heap   total 110592K, used 54920K [0x0000000080000000, 0x0000000100000000)
  region size 1024K, 3 young (3072K), 3 survivors (3072K)
 Metaspace       used 52367K, committed 52864K, reserved 1097728K
  class space    used 6968K, committed 7168K, reserved 1048576K
}
Event: 5.732 GC heap before
{Heap before GC invocations=23 (full 0):
 garbage-first heap   total 110592K, used 67208K [0x0000000080000000, 0x0000000100000000)
  region size 1024K, 17 young (17408K), 3 survivors (3072K)
 Metaspace       used 53453K, committed 53952K, reserved 1097728K
  class space    used 7094K, committed 7296K, reserved 1048576K
}
Event: 5.735 GC heap after
{Heap after GC invocations=24 (full 0):
 garbage-first heap   total 110592K, used 56832K [0x0000000080000000, 0x0000000100000000)
  region size 1024K, 4 young (4096K), 4 survivors (4096K)
 Metaspace       used 53453K, committed 53952K, reserved 1097728K
  class space    used 7094K, committed 7296K, reserved 1048576K
}
Event: 6.037 GC heap before
{Heap before GC invocations=25 (full 0):
 garbage-first heap   total 110592K, used 84480K [0x0000000080000000, 0x0000000100000000)
  region size 1024K, 30 young (30720K), 4 survivors (4096K)
 Metaspace       used 56095K, committed 56640K, reserved 1105920K
  class space    used 7425K, committed 7680K, reserved 1048576K
}
Event: 6.040 GC heap after
{Heap after GC invocations=26 (full 0):
 garbage-first heap   total 110592K, used 57942K [0x0000000080000000, 0x0000000100000000)
  region size 1024K, 3 young (3072K), 3 survivors (3072K)
 Metaspace       used 56095K, committed 56640K, reserved 1105920K
  class space    used 7425K, committed 7680K, reserved 1048576K
}
Event: 6.437 GC heap before
{Heap before GC invocations=26 (full 0):
 garbage-first heap   total 110592K, used 85590K [0x0000000080000000, 0x0000000100000000)
  region size 1024K, 30 young (30720K), 3 survivors (3072K)
 Metaspace       used 59179K, committed 59776K, reserved 1105920K
  class space    used 7967K, committed 8192K, reserved 1048576K
}
Event: 6.440 GC heap after
{Heap after GC invocations=27 (full 0):
 garbage-first heap   total 110592K, used 60044K [0x0000000080000000, 0x0000000100000000)
  region size 1024K, 4 young (4096K), 4 survivors (4096K)
 Metaspace       used 59179K, committed 59776K, reserved 1105920K
  class space    used 7967K, committed 8192K, reserved 1048576K
}
Event: 6.829 GC heap before
{Heap before GC invocations=28 (full 0):
 garbage-first heap   total 110592K, used 85644K [0x0000000080000000, 0x0000000100000000)
  region size 1024K, 30 young (30720K), 4 survivors (4096K)
 Metaspace       used 61284K, committed 61824K, reserved 1105920K
  class space    used 8259K, committed 8512K, reserved 1048576K
}
Event: 6.833 GC heap after
{Heap after GC invocations=29 (full 0):
 garbage-first heap   total 110592K, used 61992K [0x0000000080000000, 0x0000000100000000)
  region size 1024K, 4 young (4096K), 4 survivors (4096K)
 Metaspace       used 61284K, committed 61824K, reserved 1105920K
  class space    used 8259K, committed 8512K, reserved 1048576K
}
Event: 6.968 GC heap before
{Heap before GC invocations=29 (full 0):
 garbage-first heap   total 110592K, used 76328K [0x0000000080000000, 0x0000000100000000)
  region size 1024K, 20 young (20480K), 4 survivors (4096K)
 Metaspace       used 61608K, committed 62208K, reserved 1105920K
  class space    used 8284K, committed 8576K, reserved 1048576K
}

Dll operation events (2 events):
Event: 0.006 Loaded shared library C:\Program Files\Android\Android Studio\jbr\bin\java.dll
Event: 0.339 Loaded shared library C:\Program Files\Android\Android Studio\jbr\bin\verify.dll

Deoptimization events (20 events):
Event: 6.901 Thread 0x00000182899a8500 DEOPT PACKING pc=0x00000182f6cccdd0 sp=0x00000047f6af6ff0
Event: 6.901 Thread 0x00000182899a8500 DEOPT UNPACKING pc=0x00000182f65e69a3 sp=0x00000047f6af6f70 mode 2
Event: 6.911 Thread 0x00000182899a8500 Uncommon trap: trap_request=0xffffff45 fr.pc=0x00000182f6de9660 relative=0x0000000000000780
Event: 6.911 Thread 0x00000182899a8500 Uncommon trap: reason=unstable_if action=reinterpret pc=0x00000182f6de9660 method=java.util.HashMap.putVal(ILjava/lang/Object;Ljava/lang/Object;ZZ)Ljava/lang/Object; @ 85 c2
Event: 6.911 Thread 0x00000182899a8500 DEOPT PACKING pc=0x00000182f6de9660 sp=0x00000047f6af7a10
Event: 6.911 Thread 0x00000182899a8500 DEOPT UNPACKING pc=0x00000182f65e69a3 sp=0x00000047f6af7998 mode 2
Event: 6.951 Thread 0x00000182899a8500 DEOPT PACKING pc=0x00000182efa74451 sp=0x00000047f6af8040
Event: 6.951 Thread 0x00000182899a8500 DEOPT UNPACKING pc=0x00000182f65e7143 sp=0x00000047f6af7538 mode 0
Event: 6.953 Thread 0x00000182899a8500 DEOPT PACKING pc=0x00000182efa74451 sp=0x00000047f6af8470
Event: 6.953 Thread 0x00000182899a8500 DEOPT UNPACKING pc=0x00000182f65e7143 sp=0x00000047f6af7968 mode 0
Event: 6.954 Thread 0x00000182899a8500 DEOPT PACKING pc=0x00000182efa74451 sp=0x00000047f6af8470
Event: 6.954 Thread 0x00000182899a8500 DEOPT UNPACKING pc=0x00000182f65e7143 sp=0x00000047f6af7968 mode 0
Event: 6.966 Thread 0x00000182899a8500 Uncommon trap: trap_request=0xfffffff4 fr.pc=0x00000182f6eb32f4 relative=0x0000000000000694
Event: 6.966 Thread 0x00000182899a8500 Uncommon trap: reason=null_check action=make_not_entrant pc=0x00000182f6eb32f4 method=org.gradle.util.internal.SimpleMapInterner.intern(Ljava/lang/Object;)Ljava/lang/Object; @ 2 c2
Event: 6.966 Thread 0x00000182899a8500 DEOPT PACKING pc=0x00000182f6eb32f4 sp=0x00000047f6af88a0
Event: 6.966 Thread 0x00000182899a8500 DEOPT UNPACKING pc=0x00000182f65e69a3 sp=0x00000047f6af8858 mode 2
Event: 6.967 Thread 0x00000182899a8500 Uncommon trap: trap_request=0xffffffc6 fr.pc=0x00000182f6c9612c relative=0x000000000000026c
Event: 6.967 Thread 0x00000182899a8500 Uncommon trap: reason=bimorphic_or_optimized_type_check action=maybe_recompile pc=0x00000182f6c9612c method=com.google.common.base.CharMatcher.indexIn(Ljava/lang/CharSequence;I)I @ 31 c2
Event: 6.967 Thread 0x00000182899a8500 DEOPT PACKING pc=0x00000182f6c9612c sp=0x00000047f6af8d90
Event: 6.967 Thread 0x00000182899a8500 DEOPT UNPACKING pc=0x00000182f65e69a3 sp=0x00000047f6af8d38 mode 2

Classes unloaded (9 events):
Event: 5.585 Thread 0x00000182ff9bed20 Unloading class 0x00000001006e4968 '_BuildScript_$_run_closure1$_closure2'
Event: 5.585 Thread 0x00000182ff9bed20 Unloading class 0x00000001006e4558 '_BuildScript_$_run_closure1'
Event: 5.585 Thread 0x00000182ff9bed20 Unloading class 0x00000001006e4000 '_BuildScript_'
Event: 6.470 Thread 0x00000182ff9bed20 Unloading class 0x00000001006ed2f0 '_BuildScript_'
Event: 6.470 Thread 0x00000182ff9bed20 Unloading class 0x00000001006ed000 'RegistryProcessor'
Event: 6.470 Thread 0x00000182ff9bed20 Unloading class 0x00000001006ecae0 'JetGradlePlugin$_apply_closure1$_closure2$_closure3'
Event: 6.470 Thread 0x00000182ff9bed20 Unloading class 0x00000001006ec6d0 'JetGradlePlugin$_apply_closure1$_closure2'
Event: 6.470 Thread 0x00000182ff9bed20 Unloading class 0x00000001006ec2c0 'JetGradlePlugin$_apply_closure1'
Event: 6.470 Thread 0x00000182ff9bed20 Unloading class 0x00000001006ec000 'JetGradlePlugin'

Classes redefined (0 events):
No events

Internal exceptions (20 events):
Event: 5.940 Thread 0x00000182899a8500 Exception <a 'java/lang/IncompatibleClassChangeError'{0x00000000855f59f8}: Found class java.lang.Object, but interface was expected> (0x00000000855f59f8) 
thrown [s\src\hotspot\share\interpreter\linkResolver.cpp, line 838]
Event: 5.981 Thread 0x00000182899a8500 Exception <a 'java/lang/IncompatibleClassChangeError'{0x0000000085272b40}: Found class java.lang.Object, but interface was expected> (0x0000000085272b40) 
thrown [s\src\hotspot\share\interpreter\linkResolver.cpp, line 838]
Event: 5.998 Thread 0x00000182899a8500 Exception <a 'java/lang/NoSuchMethodError'{0x00000000851fa430}: 'int java.lang.invoke.DirectMethodHandle$Holder.invokeStaticInit(java.lang.Object, java.lang.Object, java.lang.Object, java.lang.Object, java.lang.Object)'> (0x00000000851fa430) 
thrown [s\src\hotspot\share\interpreter\linkResolver.cpp, line 771]
Event: 6.070 Thread 0x00000182899a8500 Exception <a 'java/lang/NoSuchMethodError'{0x0000000086842508}: 'void java.lang.invoke.DirectMethodHandle$Holder.invokeInterface(java.lang.Object, java.lang.Object)'> (0x0000000086842508) 
thrown [s\src\hotspot\share\interpreter\linkResolver.cpp, line 771]
Event: 6.071 Thread 0x00000182899a8500 Exception <a 'java/lang/IncompatibleClassChangeError'{0x000000008684daa0}: Found class java.lang.Object, but interface was expected> (0x000000008684daa0) 
thrown [s\src\hotspot\share\interpreter\linkResolver.cpp, line 838]
Event: 6.125 Thread 0x00000182899a8500 Exception <a 'java/lang/ClassNotFoundException'{0x00000000865b5290}: org/jetbrains/plugins/gradle/model/web/WebConfigurationBeanInfo> (0x00000000865b5290) 
thrown [s\src\hotspot\share\classfile\systemDictionary.cpp, line 256]
Event: 6.125 Thread 0x00000182899a8500 Exception <a 'java/lang/ClassNotFoundException'{0x00000000865bd618}: org/jetbrains/plugins/gradle/model/web/WebConfigurationCustomizer> (0x00000000865bd618) 
thrown [s\src\hotspot\share\classfile\systemDictionary.cpp, line 256]
Event: 6.127 Thread 0x00000182899a8500 Exception <a 'java/lang/ClassNotFoundException'{0x00000000865dbea0}: org/jetbrains/plugins/gradle/model/scala/ScalaModelBeanInfo> (0x00000000865dbea0) 
thrown [s\src\hotspot\share\classfile\systemDictionary.cpp, line 256]
Event: 6.127 Thread 0x00000182899a8500 Exception <a 'java/lang/ClassNotFoundException'{0x00000000865e41a8}: org/jetbrains/plugins/gradle/model/scala/ScalaModelCustomizer> (0x00000000865e41a8) 
thrown [s\src\hotspot\share\classfile\systemDictionary.cpp, line 256]
Event: 6.130 Thread 0x00000182899a8500 Exception <a 'java/lang/ClassNotFoundException'{0x0000000086415b08}: org/jetbrains/plugins/gradle/model/DependencyAccessorsModelBeanInfo> (0x0000000086415b08) 
thrown [s\src\hotspot\share\classfile\systemDictionary.cpp, line 256]
Event: 6.130 Thread 0x00000182899a8500 Exception <a 'java/lang/ClassNotFoundException'{0x000000008641deb8}: org/jetbrains/plugins/gradle/model/DependencyAccessorsModelCustomizer> (0x000000008641deb8) 
thrown [s\src\hotspot\share\classfile\systemDictionary.cpp, line 256]
Event: 6.240 Thread 0x00000182899a8500 Exception <a 'java/lang/ClassNotFoundException'{0x0000000085d866b8}: org/gradle/api/internal/project/DefaultProject_DecoratedBeanInfo> (0x0000000085d866b8) 
thrown [s\src\hotspot\share\classfile\systemDictionary.cpp, line 256]
Event: 6.241 Thread 0x00000182899a8500 Exception <a 'java/lang/ClassNotFoundException'{0x0000000085d93210}: org/gradle/api/internal/project/DefaultProjectBeanInfo> (0x0000000085d93210) 
thrown [s\src\hotspot\share\classfile\systemDictionary.cpp, line 256]
Event: 6.241 Thread 0x00000182899a8500 Exception <a 'java/lang/ClassNotFoundException'{0x0000000085d9fd70}: org/gradle/api/internal/project/DefaultProjectCustomizer> (0x0000000085d9fd70) 
thrown [s\src\hotspot\share\classfile\systemDictionary.cpp, line 256]
Event: 6.244 Thread 0x00000182899a8500 Exception <a 'java/lang/ClassNotFoundException'{0x0000000085c492d8}: org/gradle/api/internal/project/DefaultProject_DecoratedCustomizer> (0x0000000085c492d8) 
thrown [s\src\hotspot\share\classfile\systemDictionary.cpp, line 256]
Event: 6.622 Thread 0x00000182899a8500 Exception <a 'java/lang/NoSuchMethodError'{0x00000000861e3358}: 'java.lang.Object java.lang.invoke.DirectMethodHandle$Holder.newInvokeSpecial(java.lang.Object, java.lang.Object, java.lang.Object, java.lang.Object, java.lang.Object, int)'> (0x00000000861e3358) 
thrown [s\src\hotspot\share\interpreter\linkResolver.cpp, line 771]
Event: 6.622 Thread 0x00000182899a8500 Exception <a 'java/lang/NoSuchMethodError'{0x00000000861e89b0}: 'java.lang.Object java.lang.invoke.DirectMethodHandle$Holder.invokeSpecial(java.lang.Object, java.lang.Object, java.lang.Object, java.lang.Object, java.lang.Object, java.lang.Object, int)'> (0x00000000861e89b0) 
thrown [s\src\hotspot\share\interpreter\linkResolver.cpp, line 771]
Event: 6.629 Thread 0x00000182899a8500 Exception <a 'java/lang/NoSuchMethodError'{0x00000000860859c0}: 'void java.lang.invoke.DirectMethodHandle$Holder.invokeStatic(java.lang.Object, java.lang.Object, java.lang.Object, int, java.lang.Object)'> (0x00000000860859c0) 
thrown [s\src\hotspot\share\interpreter\linkResolver.cpp, line 771]
Event: 6.810 Thread 0x00000182899a8500 Implicit null exception at 0x00000182f6eb6c6f to 0x00000182f6eb6ee4
Event: 6.966 Thread 0x00000182899a8500 Implicit null exception at 0x00000182f6eb2c92 to 0x00000182f6eb32e4

VM Operations (20 events):
Event: 6.193 Executing VM operation: HandshakeAllThreads done
Event: 6.395 Executing VM operation: ICBufferFull
Event: 6.395 Executing VM operation: ICBufferFull done
Event: 6.436 Executing VM operation: G1CollectForAllocation
Event: 6.440 Executing VM operation: G1CollectForAllocation done
Event: 6.469 Executing VM operation: G1Concurrent
Event: 6.474 Executing VM operation: G1Concurrent done
Event: 6.489 Executing VM operation: G1Concurrent
Event: 6.489 Executing VM operation: G1Concurrent done
Event: 6.597 Executing VM operation: HandshakeAllThreads
Event: 6.597 Executing VM operation: HandshakeAllThreads done
Event: 6.767 Executing VM operation: ICBufferFull
Event: 6.767 Executing VM operation: ICBufferFull done
Event: 6.779 Executing VM operation: HandshakeAllThreads
Event: 6.779 Executing VM operation: HandshakeAllThreads done
Event: 6.829 Executing VM operation: G1CollectForAllocation
Event: 6.833 Executing VM operation: G1CollectForAllocation done
Event: 6.960 Executing VM operation: ICBufferFull
Event: 6.960 Executing VM operation: ICBufferFull done
Event: 6.968 Executing VM operation: G1TryInitiateConcMark

Events (20 events):
Event: 6.829 Thread 0x000001828c61c920 Thread added: 0x000001828c61c920
Event: 6.834 Thread 0x000001828c61dc60 Thread added: 0x000001828c61dc60
Event: 6.834 Thread 0x000001828d280fa0 Thread added: 0x000001828d280fa0
Event: 6.834 Thread 0x000001828d281e10 Thread added: 0x000001828d281e10
Event: 6.835 Thread 0x000001828d27c770 Thread added: 0x000001828d27c770
Event: 6.835 Thread 0x000001828d281470 Thread added: 0x000001828d281470
Event: 6.836 Thread 0x000001828d2822e0 Thread added: 0x000001828d2822e0
Event: 6.837 Thread 0x000001828d280ad0 Thread added: 0x000001828d280ad0
Event: 6.837 Thread 0x000001828d2827b0 Thread added: 0x000001828d2827b0
Event: 6.838 Thread 0x000001828d27d5e0 Thread added: 0x000001828d27d5e0
Event: 6.839 Thread 0x000001828d283150 Thread added: 0x000001828d283150
Event: 6.839 Thread 0x000001828d27f790 Thread added: 0x000001828d27f790
Event: 6.840 Thread 0x000001828d27e450 Thread added: 0x000001828d27e450
Event: 6.840 Thread 0x000001828d27c2a0 Thread added: 0x000001828d27c2a0
Event: 6.840 Thread 0x000001828d280600 Thread added: 0x000001828d280600
Event: 6.840 Thread 0x000001828d27fc60 Thread added: 0x000001828d27fc60
Event: 6.840 Thread 0x000001828d282c80 Thread added: 0x000001828d282c80
Event: 6.840 Thread 0x000001828d27e920 Thread added: 0x000001828d27e920
Event: 6.840 Thread 0x000001828d280130 Thread added: 0x000001828d280130
Event: 6.840 Thread 0x000001828d27f2c0 Thread added: 0x000001828d27f2c0


Dynamic libraries:
0x00007ff601b00000 - 0x00007ff601b0a000 	C:\Program Files\Android\Android Studio\jbr\bin\java.exe
0x00007ff9c82f0000 - 0x00007ff9c84e8000 	C:\Windows\SYSTEM32\ntdll.dll
0x00007ff9c6650000 - 0x00007ff9c670d000 	C:\Windows\System32\KERNEL32.DLL
0x00007ff9c5cf0000 - 0x00007ff9c5fe6000 	C:\Windows\System32\KERNELBASE.dll
0x00007ff9c6090000 - 0x00007ff9c6190000 	C:\Windows\System32\ucrtbase.dll
0x00007ff9b5d20000 - 0x00007ff9b5d37000 	C:\Program Files\Android\Android Studio\jbr\bin\jli.dll
0x00007ff9b0830000 - 0x00007ff9b084b000 	C:\Program Files\Android\Android Studio\jbr\bin\VCRUNTIME140.dll
0x00007ff9c6320000 - 0x00007ff9c64be000 	C:\Windows\System32\USER32.dll
0x00007ff9c6190000 - 0x00007ff9c61b2000 	C:\Windows\System32\win32u.dll
0x00007ff9ab000000 - 0x00007ff9ab29a000 	C:\Windows\WinSxS\amd64_microsoft.windows.common-controls_6595b64144ccf1df_6.0.19041.3636_none_60b6a03d71f818d5\COMCTL32.dll
0x00007ff9c80b0000 - 0x00007ff9c80db000 	C:\Windows\System32\GDI32.dll
0x00007ff9c8210000 - 0x00007ff9c82ae000 	C:\Windows\System32\msvcrt.dll
0x00007ff9c59a0000 - 0x00007ff9c5ab7000 	C:\Windows\System32\gdi32full.dll
0x00007ff9c5ff0000 - 0x00007ff9c608d000 	C:\Windows\System32\msvcp_win.dll
0x00007ff9c6610000 - 0x00007ff9c6642000 	C:\Windows\System32\IMM32.DLL
0x00007ff9c1620000 - 0x00007ff9c162c000 	C:\Program Files\Android\Android Studio\jbr\bin\vcruntime140_1.dll
0x00007ff9a2010000 - 0x00007ff9a209d000 	C:\Program Files\Android\Android Studio\jbr\bin\msvcp140.dll
0x00007ff992180000 - 0x00007ff992dee000 	C:\Program Files\Android\Android Studio\jbr\bin\server\jvm.dll
0x00007ff9c6790000 - 0x00007ff9c6840000 	C:\Windows\System32\ADVAPI32.dll
0x00007ff9c6570000 - 0x00007ff9c6610000 	C:\Windows\System32\sechost.dll
0x00007ff9c7600000 - 0x00007ff9c7725000 	C:\Windows\System32\RPCRT4.dll
0x00007ff9c5ac0000 - 0x00007ff9c5ae7000 	C:\Windows\System32\bcrypt.dll
0x00007ff9c1340000 - 0x00007ff9c1349000 	C:\Windows\SYSTEM32\WSOCK32.dll
0x00007ff9ad210000 - 0x00007ff9ad237000 	C:\Windows\SYSTEM32\WINMM.dll
0x00007ff9c6e20000 - 0x00007ff9c6e8b000 	C:\Windows\System32\WS2_32.dll
0x00007ff9b6ad0000 - 0x00007ff9b6ada000 	C:\Windows\SYSTEM32\VERSION.dll
0x00007ff9c3770000 - 0x00007ff9c3782000 	C:\Windows\SYSTEM32\kernel.appcore.dll
0x00007ff9bf6f0000 - 0x00007ff9bf6fa000 	C:\Program Files\Android\Android Studio\jbr\bin\jimage.dll
0x00007ff9af2c0000 - 0x00007ff9af4a4000 	C:\Windows\SYSTEM32\DBGHELP.DLL
0x00007ff9afbe0000 - 0x00007ff9afc14000 	C:\Windows\SYSTEM32\dbgcore.DLL
0x00007ff9c5bf0000 - 0x00007ff9c5c72000 	C:\Windows\System32\bcryptPrimitives.dll
0x00007ff9baab0000 - 0x00007ff9baad5000 	C:\Program Files\Android\Android Studio\jbr\bin\java.dll
0x00007ff9be3b0000 - 0x00007ff9be3c8000 	C:\Program Files\Android\Android Studio\jbr\bin\zip.dll
0x00007ff9c6e90000 - 0x00007ff9c75fb000 	C:\Windows\System32\SHELL32.dll
0x00007ff9c3a50000 - 0x00007ff9c41ee000 	C:\Windows\SYSTEM32\windows.storage.dll
0x00007ff9c7820000 - 0x00007ff9c7b73000 	C:\Windows\System32\combase.dll
0x00007ff9c5300000 - 0x00007ff9c532e000 	C:\Windows\SYSTEM32\Wldp.dll
0x00007ff9c68a0000 - 0x00007ff9c696d000 	C:\Windows\System32\OLEAUT32.dll
0x00007ff9c6bf0000 - 0x00007ff9c6c9d000 	C:\Windows\System32\SHCORE.dll
0x00007ff9c6970000 - 0x00007ff9c69c5000 	C:\Windows\System32\shlwapi.dll
0x00007ff9c58d0000 - 0x00007ff9c58f5000 	C:\Windows\SYSTEM32\profapi.dll
0x00007ff9bc8c0000 - 0x00007ff9bc8d9000 	C:\Program Files\Android\Android Studio\jbr\bin\net.dll
0x00007ff9bab80000 - 0x00007ff9bac8a000 	C:\Windows\SYSTEM32\WINHTTP.dll
0x00007ff9c5060000 - 0x00007ff9c50ca000 	C:\Windows\system32\mswsock.dll
0x00007ff9bbd20000 - 0x00007ff9bbd36000 	C:\Program Files\Android\Android Studio\jbr\bin\nio.dll
0x00007ff9beb30000 - 0x00007ff9beb40000 	C:\Program Files\Android\Android Studio\jbr\bin\verify.dll
0x00007ff9b0ea0000 - 0x00007ff9b0ec7000 	C:\Users\grank\.gradle\native\68d5fa5c4cc2d200863cafc0d521ce42e7d3e7ee720ec0a83991735586a16f82\windows-amd64\native-platform.dll
0x00007ff9a1ec0000 - 0x00007ff9a2004000 	C:\Users\grank\.gradle\native\e376f236ea51e6404a007f0833ffe2c6e607c4080706a723a18a27aeea778392\windows-amd64\native-platform-file-events.dll
0x00007ff9beaa0000 - 0x00007ff9beaa9000 	C:\Program Files\Android\Android Studio\jbr\bin\management.dll
0x00007ff9bcd90000 - 0x00007ff9bcd9b000 	C:\Program Files\Android\Android Studio\jbr\bin\management_ext.dll
0x00007ff9c7810000 - 0x00007ff9c7818000 	C:\Windows\System32\PSAPI.DLL
0x00007ff9c5250000 - 0x00007ff9c5268000 	C:\Windows\SYSTEM32\CRYPTSP.dll
0x00007ff9c4990000 - 0x00007ff9c49c4000 	C:\Windows\system32\rsaenh.dll
0x00007ff9c5890000 - 0x00007ff9c58be000 	C:\Windows\SYSTEM32\USERENV.dll
0x00007ff9c5270000 - 0x00007ff9c527c000 	C:\Windows\SYSTEM32\CRYPTBASE.dll
0x00007ff9c4d50000 - 0x00007ff9c4d8b000 	C:\Windows\SYSTEM32\IPHLPAPI.DLL
0x00007ff9c7c30000 - 0x00007ff9c7c38000 	C:\Windows\System32\NSI.dll
0x00007ff9bdd70000 - 0x00007ff9bdd87000 	C:\Windows\SYSTEM32\dhcpcsvc6.DLL
0x00007ff9bdd50000 - 0x00007ff9bdd6d000 	C:\Windows\SYSTEM32\dhcpcsvc.DLL
0x00007ff9c4d90000 - 0x00007ff9c4e5b000 	C:\Windows\SYSTEM32\DNSAPI.dll
0x00007ff9bcd40000 - 0x00007ff9bcd47000 	C:\Windows\system32\wshunix.dll

dbghelp: loaded successfully - version: 4.0.5 - missing functions: none
symbol engine: initialized successfully - sym options: 0x614 - pdb path: .;C:\Program Files\Android\Android Studio\jbr\bin;C:\Windows\SYSTEM32;C:\Windows\WinSxS\amd64_microsoft.windows.common-controls_6595b64144ccf1df_6.0.19041.3636_none_60b6a03d71f818d5;C:\Program Files\Android\Android Studio\jbr\bin\server;C:\Users\grank\.gradle\native\68d5fa5c4cc2d200863cafc0d521ce42e7d3e7ee720ec0a83991735586a16f82\windows-amd64;C:\Users\grank\.gradle\native\e376f236ea51e6404a007f0833ffe2c6e607c4080706a723a18a27aeea778392\windows-amd64

VM Arguments:
jvm_args: --add-opens=java.base/java.util.concurrent.atomic=ALL-UNNAMED --add-opens=java.base/java.util=ALL-UNNAMED --add-opens=java.base/java.lang=ALL-UNNAMED --add-opens=java.base/java.lang.invoke=ALL-UNNAMED --add-opens=java.prefs/java.util.prefs=ALL-UNNAMED --add-opens=java.base/java.nio.charset=ALL-UNNAMED --add-opens=java.base/java.net=ALL-UNNAMED --add-opens=java.base/java.util.concurrent.atomic=ALL-UNNAMED -Xmx2048m -Dfile.encoding=UTF-8 -Duser.country=RU -Duser.language=ru -Duser.variant 
java_command: org.gradle.launcher.daemon.bootstrap.GradleDaemon 8.0
java_class_path (initial): C:\Users\grank\.gradle\wrapper\dists\gradle-8.0-bin\ca5e32bp14vu59qr306oxotwh\gradle-8.0\lib\gradle-launcher-8.0.jar
Launcher Type: SUN_STANDARD

[Global flags]
     intx CICompilerCount                          = 4                                         {product} {ergonomic}
     uint ConcGCThreads                            = 2                                         {product} {ergonomic}
     uint G1ConcRefinementThreads                  = 8                                         {product} {ergonomic}
   size_t G1HeapRegionSize                         = 1048576                                   {product} {ergonomic}
    uintx GCDrainStackTargetSize                   = 64                                        {product} {ergonomic}
   size_t InitialHeapSize                          = 132120576                                 {product} {ergonomic}
   size_t MarkStackSize                            = 4194304                                   {product} {ergonomic}
   size_t MaxHeapSize                              = 2147483648                                {product} {command line}
   size_t MaxNewSize                               = 1287651328                                {product} {ergonomic}
   size_t MinHeapDeltaBytes                        = 1048576                                   {product} {ergonomic}
   size_t MinHeapSize                              = 8388608                                   {product} {ergonomic}
    uintx NonNMethodCodeHeapSize                   = 5839372                                {pd product} {ergonomic}
    uintx NonProfiledCodeHeapSize                  = 122909434                              {pd product} {ergonomic}
    uintx ProfiledCodeHeapSize                     = 122909434                              {pd product} {ergonomic}
    uintx ReservedCodeCacheSize                    = 251658240                              {pd product} {ergonomic}
     bool SegmentedCodeCache                       = true                                      {product} {ergonomic}
   size_t SoftMaxHeapSize                          = 2147483648                             {manageable} {ergonomic}
     bool UseCompressedClassPointers               = true                           {product lp64_product} {ergonomic}
     bool UseCompressedOops                        = true                           {product lp64_product} {ergonomic}
     bool UseG1GC                                  = true                                      {product} {ergonomic}
     bool UseLargePagesIndividualAllocation        = false                                  {pd product} {ergonomic}

Logging:
Log output configuration:
 #0: stdout all=warning uptime,level,tags
 #1: stderr all=off uptime,level,tags

Environment Variables:
JAVA_HOME=C:\Program Files\BellSoft\LibericaJDK-17\
PATH=C:\Program Files\BellSoft\LibericaJDK-17\bin\;C:\Program Files\Microsoft\jdk-11.0.18.10-hotspot\bin;C:\Program Files (x86)\NVIDIA Corporation\PhysX\Common;D:\app\client\grank\product\12.2.0\client_1;D:\app\client\grank\product\12.2.0\client_1\bin;C:\oraclexe\app\oracle\product\11.2.0\server\bin;C:\Program Files\Common Files\Oracle\Java\javapath;C:\Program Files (x86)\Common Files\Oracle\Java\javapath;C:\ProgramData\Oracle\Java\javapath;C:\Windows\system32;C:\Windows;C:\Windows\System32\Wbem;C:\Windows\System32\WindowsPowerShell\v1.0\;C:\Windows\System32\OpenSSH\;C:\Program Files\Microsoft SQL Server\110\Tools\Binn\;C:\Program Files\Microsoft\Web Platform Installer\;C:\Program Files (x86)\Microsoft ASP.NET\ASP.NET Web Pages\v1.0\;C:\Program Files\Microsoft SQL Server\130\Tools\Binn\;C:\Program Files (x86)\AOMEI Backupper;C:\Program Files\dotnet\;C:\Program Files (x86)\dotnet\;C:\Program Files\MongoDB\Server\6.0\bin;C:\Program Files\MongoDB\Tools\100\bin;C:\Program Files\MongoDB\mongosh\bin;C:\Program Files\PostgreSQL\15\bin;C:\Users\grank\Desktop\sqldeveloper\sqldeveloper;C:\opencv\build\x64\vc15\bin;C:\ProgramData\chocolatey\bin;C:\Program Files\nodejs\;C:\Program Files (x86)\Steel Bank Common Lisp\;C:\Program Files\Git\cmd;C:\Users\grank\AppData\Local\Microsoft\WindowsApps;C:\Program Files\JetBrains\DataGrip 2022.1.4\bin;C:\Users\grank\.dotnet\tools;C:\Users\grank\AppData\Local\Programs\Microsoft VS Code\bin;C:\Users\grank\AppData\Local\Packages\PythonSoftwareFoundation.Python.3.10_qbz5n2kfra8p0\LocalCache\local-packages\Python310\Scripts;C:\Program Files\JetBrains\IntelliJ IDEA 2023.2.5\bin;;C:\Users\grank\AppData\Roaming\npm;C:\Users\grank\AppData\Local\Android\Sdk\platform-tools;C:\Users\grank\Downloads\apache-maven-3.8.8\bin;C:\Program Files\JetBrains\DataGrip 2023.2.3\bin;;C:\Users\grank\AppData\Local\GitHubDesktop\bin
USERNAME=grank
OS=Windows_NT
PROCESSOR_IDENTIFIER=Intel64 Family 6 Model 142 Stepping 12, GenuineIntel
TMP=C:\Users\grank\AppData\Local\Temp
TEMP=C:\Users\grank\AppData\Local\Temp


JNI global refs:
JNI global refs: 27, weak refs: 0

JNI global refs memory usage: 843, weak refs: 841


---------------  S Y S T E M  ---------------

OS:
 Windows 10 , 64 bit Build 19041 (10.0.19041.3636)
OS uptime: 0 days 10:35 hours

CPU: total 8 (initial active 8) (4 cores per cpu, 2 threads per core) family 6 model 142 stepping 12 microcode 0xca, cx8, cmov, fxsr, ht, mmx, 3dnowpref, sse, sse2, sse3, ssse3, sse4.1, sse4.2, popcnt, lzcnt, tsc, tscinvbit, avx, avx2, aes, erms, clmul, bmi1, bmi2, adx, fma, vzeroupper, clflush, clflushopt

Memory: 4k page, system-wide physical 8009M (444M free)
TotalPageFile size 9906M (AvailPageFile size 17M)
current process WorkingSet (physical memory assigned to process): 314M, peak: 314M
current process commit charge ("private bytes"): 370M, peak: 414M

vm_info: OpenJDK 64-Bit Server VM (17.0.6+0-b2043.56-10027231) for windows-amd64 JRE (17.0.6+0-b2043.56-10027231), built on Apr 28 2023 00:43:19 by "androidbuild" with MS VC++ 16.10 / 16.11 (VS2019)

END.
